<?xml version="1.0" encoding="UTF-8"?>
<robot generator="Robot 5.0.1 (Python 3.9.13 on win32)" generated="20230822 15:16:05.438" rpa="false" schemaversion="3">
<suite id="s1" name="From 9" source="c:\Users\Softthai\Downloads\tutorial-robot-main\testcase\Menu_Admin\Basic_Data\From_9.robot">
<test id="s1-t1" name="TC1_Input informations" line="63">
<kw name="Open website">
<kw name="Open Browser">
<arg>${url}</arg>
<arg>edge</arg>
<msg timestamp="20230822 15:16:05.486" level="FAIL">No keyword with name 'Open Browser' found.</msg>
<status status="FAIL" starttime="20230822 15:16:05.486" endtime="20230822 15:16:05.487"/>
</kw>
<kw name="Maximize Browser Window">
<status status="NOT RUN" starttime="20230822 15:16:05.490" endtime="20230822 15:16:05.490"/>
</kw>
<kw name="Sleep" library="BuiltIn">
<arg>2</arg>
<doc>Pauses the test executed for the given time.</doc>
<status status="NOT RUN" starttime="20230822 15:16:05.490" endtime="20230822 15:16:05.491"/>
</kw>
<status status="FAIL" starttime="20230822 15:16:05.484" endtime="20230822 15:16:05.492"/>
</kw>
<kw name="Log In Admin">
<status status="NOT RUN" starttime="20230822 15:16:05.492" endtime="20230822 15:16:05.493"/>
</kw>
<kw name="Add Basic Data">
<status status="NOT RUN" starttime="20230822 15:16:05.493" endtime="20230822 15:16:05.493"/>
</kw>
<kw name="Close Browser" type="TEARDOWN">
<msg timestamp="20230822 15:16:05.496" level="FAIL">No keyword with name 'Close Browser' found.</msg>
<status status="FAIL" starttime="20230822 15:16:05.496" endtime="20230822 15:16:05.497">No keyword with name 'Close Browser' found.</status>
</kw>
<tag>TC1</tag>
<status status="FAIL" starttime="20230822 15:16:05.483" endtime="20230822 15:16:05.497">No keyword with name 'Open Browser' found.

Also teardown failed:
No keyword with name 'Close Browser' found.</status>
</test>
<status status="FAIL" starttime="20230822 15:16:05.444" endtime="20230822 15:16:05.499"/>
</suite>
<statistics>
<total>
<stat pass="0" fail="1" skip="0">All Tests</stat>
</total>
<tag>
<stat pass="0" fail="1" skip="0">TC1</stat>
</tag>
<suite>
<stat pass="0" fail="1" skip="0" id="s1" name="From 9">From 9</stat>
</suite>
</statistics>
<errors>
<msg timestamp="20230822 15:16:05.466" level="ERROR">Error in file 'c:\Users\Softthai\Downloads\tutorial-robot-main\testcase\Menu_Admin\Basic_Data\From_9.robot' on line 6: Importing library 'SeleniumLibrary' failed: ModuleNotFoundError: No module named 'SeleniumLibrary'
Traceback (most recent call last):
  None
PYTHONPATH:
  c:\Users\Softthai\.vscode\extensions\robocorp.robotframework-lsp-1.11.0\src\robotframework_debug_adapter
  C:\Users\Softthai\Downloads\tutorial-robot-main
  c:\Users\Softthai\.vscode\extensions\robocorp.robotframework-lsp-1.11.0\src
  c:\Users\Softthai\.vscode\extensions\robocorp.robotframework-lsp-1.11.0\src\robotframework_ls\vendored
  c:\ProgramData\robocorp\ht\b07ee82_b1f3c24_8a19a20c\python39.zip
  c:\ProgramData\robocorp\ht\b07ee82_b1f3c24_8a19a20c\DLLs
  c:\ProgramData\robocorp\ht\b07ee82_b1f3c24_8a19a20c\lib
  c:\ProgramData\robocorp\ht\b07ee82_b1f3c24_8a19a20c
  c:\ProgramData\robocorp\ht\b07ee82_b1f3c24_8a19a20c\lib\site-packages
  c:\ProgramData\robocorp\ht\b07ee82_b1f3c24_8a19a20c\lib\site-packages\win32
  c:\ProgramData\robocorp\ht\b07ee82_b1f3c24_8a19a20c\lib\site-packages\win32\lib
  c:\ProgramData\robocorp\ht\b07ee82_b1f3c24_8a19a20c\lib\site-packages\Pythonwin</msg>
</errors>
</robot>
